24-02-27 04:30:38.015 : ##################################################
24-02-27 04:30:38.015 : mode: train
24-02-27 04:30:38.015 : model: SiaStegNet
24-02-27 04:30:38.017 : train data dir: 
24-02-27 04:30:38.017 : val data dir: 
24-02-27 04:30:38.017 : test data dir: 
24-02-27 06:27:33.122 : ##################################################
24-02-27 06:27:33.123 : mode: train
24-02-27 06:27:33.123 : model: SiaStegNet
24-02-27 06:27:33.123 : train data dir: D:	rain_data_dir
24-02-27 06:27:33.123 : val data dir: 
24-02-27 06:27:33.123 : test data dir: 
24-02-27 06:33:38.140 : ##################################################
24-02-27 06:33:38.140 : mode: train
24-02-27 06:33:38.141 : model: SiaStegNet
24-02-27 06:33:38.142 : train data dir: train_data_dir
24-02-27 06:33:38.142 : val data dir: 
24-02-27 06:33:38.142 : test data dir: 
24-02-27 06:40:32.080 : ##################################################
24-02-27 06:40:32.081 : mode: train
24-02-27 06:40:32.081 : model: SiaStegNet
24-02-27 06:40:32.082 : train data dir: train_data_dir
24-02-27 06:40:32.082 : val data dir: 
24-02-27 06:40:32.082 : test data dir: 
24-02-27 06:46:24.144 : ##################################################
24-02-27 06:46:24.145 : mode: train
24-02-27 06:46:24.145 : model: SiaStegNet
24-02-27 06:46:24.145 : train data dir: train_data_dir
24-02-27 06:46:24.146 : val data dir: val_data_dir
24-02-27 06:46:24.146 : test data dir: 
24-02-27 06:47:57.250 : ##################################################
24-02-27 06:47:57.250 : mode: train
24-02-27 06:47:57.251 : model: SiaStegNet
24-02-27 06:47:57.251 : train data dir: train_data_dir
24-02-27 06:47:57.251 : val data dir: val_data_dir
24-02-27 06:47:57.252 : test data dir: 
