24-02-27 04:45:56.437 : ##################################################
24-02-27 04:45:56.438 : mode: train
24-02-27 04:45:56.438 : model: StegNet
24-02-27 04:45:56.438 : train data dir: 
24-02-27 04:45:56.439 : val data dir: 
24-02-27 04:45:56.439 : test data dir: 
24-02-27 06:41:13.875 : ##################################################
24-02-27 06:41:13.876 : mode: train
24-02-27 06:41:13.876 : model: StegNet
24-02-27 06:41:13.877 : train data dir: train_data_dir
24-02-27 06:41:13.877 : val data dir: 
24-02-27 06:41:13.878 : test data dir: 
24-02-27 06:45:34.405 : ##################################################
24-02-27 06:45:34.408 : mode: train
24-02-27 06:45:34.409 : model: StegNet
24-02-27 06:45:34.411 : train data dir: train_data_dir
24-02-27 06:45:34.414 : val data dir: 
24-02-27 06:45:34.415 : test data dir: 
24-02-27 06:45:57.702 : ##################################################
24-02-27 06:45:57.702 : mode: train
24-02-27 06:45:57.703 : model: StegNet
24-02-27 06:45:57.703 : train data dir: train_data_dir
24-02-27 06:45:57.704 : val data dir: val_data_dir
24-02-27 06:45:57.705 : test data dir: 
24-02-27 06:46:46.623 : ##################################################
24-02-27 06:46:46.624 : mode: train
24-02-27 06:46:46.625 : model: StegNet
24-02-27 06:46:46.625 : train data dir: train_data_dir
24-02-27 06:46:46.626 : val data dir: val_data_dir
24-02-27 06:46:46.626 : test data dir: 
